<?xml version="1.0" encoding="UTF-8"?>
<testng-results ignored="0" total="1" passed="1" failed="0" skipped="0">
  <reporter-output>
  </reporter-output>
  <suite started-at="2023-05-04T11:32:25Z" name="Default suite" finished-at="2023-05-04T11:32:25Z" duration-ms="45">
    <groups>
    </groups>
    <test started-at="2023-05-04T11:32:25Z" name="Default test" finished-at="2023-05-04T11:32:25Z" duration-ms="45">
      <class name="com.task.MyTask">
        <test-method signature="runCode()[pri:0, instance:com.task.MyTask@12299890]" started-at="2023-05-04T11:32:25Z" name="runCode" finished-at="2023-05-04T11:32:25Z" duration-ms="12" status="PASS">
          <reporter-output>
          </reporter-output>
        </test-method> <!-- runCode -->
      </class> <!-- com.task.MyTask -->
    </test> <!-- Default test -->
  </suite> <!-- Default suite -->
</testng-results>
